0 info it worked if it ends with ok
1 verbose cli [
1 verbose cli   'D:\\software\\development\\node.exe',
1 verbose cli   'D:\\software\\development\\node_modules\\npm\\bin\\npm-cli.js',
1 verbose cli   'run',
1 verbose cli   'dev'
1 verbose cli ]
2 info using npm@6.14.11
3 info using node@v14.16.0
4 verbose run-script [ 'predev', 'dev', 'postdev' ]
5 info lifecycle coursearrange@1.0.0~predev: coursearrange@1.0.0
6 info lifecycle coursearrange@1.0.0~dev: coursearrange@1.0.0
7 verbose lifecycle coursearrange@1.0.0~dev: unsafe-perm in lifecycle true
8 verbose lifecycle coursearrange@1.0.0~dev: PATH: D:\software\development\node_modules\npm\node_modules\npm-lifecycle\node-gyp-bin;D:\software\CodeLibrary\CoureseCurriculum\UI\coursearrange\node_modules\.bin;C:\Users\jiami\bin;D:\software\Git\mingw64\bin;D:\software\Git\usr\local\bin;D:\software\Git\usr\bin;D:\software\Git\usr\bin;D:\software\Git\mingw64\bin;D:\software\Git\usr\bin;C:\Users\jiami\bin;C:\Program Files (x86)\Common Files\Oracle\Java\javapath;C:\Windows\system32;C:\Windows;C:\Windows\System32\Wbem;C:\Windows\System32\WindowsPowerShell\v1.0;C:\Windows\System32\OpenSSH;D:\software\apache-maven-3.8.4-bin\apache-maven-3.8.4\bin;C:\Program Files\Java\jdk1.8.0_333\bin;D:\software\apache-tomcat-8.5.81-windows-x64\apache-tomcat-8.5.81\lib;D:\software\apache-tomcat-8.5.81-windows-x64\apache-tomcat-8.5.81\bin;D:\software\apache-tomcat-8.5.81-windows-x64\apache-tomcat-8.5.81\lib\servlet-api.jar;D:\software\Git\cmd;C:\Program Files (x86)\NVIDIA Corporation\PhysX\Common;C:\Program Files\MySQL\MySQL Server 8.0\bin;D:\software\development;D:\software\development\node_global\node_modules;C:\Program Files\MySQL\MySQL Shell 8.0\bin;C:\Users\jiami\AppData\Local\Microsoft\WindowsApps;C:\Users\jiami\AppData\Local\Programs\Microsoft VS Code\bin;D:\software\Microsoft VS Code\bin;D:\software\development\node_global;D:\software\Git\usr\bin\vendor_perl;D:\software\Git\usr\bin\core_perl
9 verbose lifecycle coursearrange@1.0.0~dev: CWD: D:\software\CodeLibrary\CoureseCurriculum\UI\coursearrange
10 silly lifecycle coursearrange@1.0.0~dev: Args: [
10 silly lifecycle   '/d /s /c',
10 silly lifecycle   'webpack-dev-server --inline --progress --config build/webpack.dev.conf.js'
10 silly lifecycle ]
11 silly lifecycle coursearrange@1.0.0~dev: Returned: code: 2  signal: null
12 info lifecycle coursearrange@1.0.0~dev: Failed to exec dev script
13 verbose stack Error: coursearrange@1.0.0 dev: `webpack-dev-server --inline --progress --config build/webpack.dev.conf.js`
13 verbose stack Exit status 2
13 verbose stack     at EventEmitter.<anonymous> (D:\software\development\node_modules\npm\node_modules\npm-lifecycle\index.js:332:16)
13 verbose stack     at EventEmitter.emit (events.js:315:20)
13 verbose stack     at ChildProcess.<anonymous> (D:\software\development\node_modules\npm\node_modules\npm-lifecycle\lib\spawn.js:55:14)
13 verbose stack     at ChildProcess.emit (events.js:315:20)
13 verbose stack     at maybeClose (internal/child_process.js:1048:16)
13 verbose stack     at Process.ChildProcess._handle.onexit (internal/child_process.js:288:5)
14 verbose pkgid coursearrange@1.0.0
15 verbose cwd D:\software\CodeLibrary\CoureseCurriculum\UI\coursearrange
16 verbose Windows_NT 10.0.19044
17 verbose argv "D:\\software\\development\\node.exe" "D:\\software\\development\\node_modules\\npm\\bin\\npm-cli.js" "run" "dev"
18 verbose node v14.16.0
19 verbose npm  v6.14.11
20 error code ELIFECYCLE
21 error errno 2
22 error coursearrange@1.0.0 dev: `webpack-dev-server --inline --progress --config build/webpack.dev.conf.js`
22 error Exit status 2
23 error Failed at the coursearrange@1.0.0 dev script.
23 error This is probably not a problem with npm. There is likely additional logging output above.
24 verbose exit [ 2, true ]
